<?xml version="1.0" encoding="UTF-8"?>
<!-- Generated by org.testng.reporters.JUnitReportReporter -->
<testsuite hostname="Hcl-PC" failures="0" tests="3" name="demoTest.MobileApplication1" time="117.930" errors="0" timestamp="2023-09-18T12:38:16 IST" skipped="2">
  <testcase classname="demoTest.MobileApplication1" name="launchAdsApp" time="117.930"/>
  <testcase classname="demoTest.MobileApplication1" name="messageApp">
    <skipped/>
  </testcase> <!-- messageApp -->
  <testcase classname="demoTest.MobileApplication1" name="installApp">
    <skipped/>
  </testcase> <!-- installApp -->
</testsuite> <!-- demoTest.MobileApplication1 -->
